Initialize engine version: 2017.4.29f1 (06508aa14ca1)
GfxDevice: creating device client; threaded=1
Direct3D:
    Version:  Direct3D 11.0 [level 11.1]
    Renderer: AMD Radeon R7 200 Series (ID=0x6610)
    Vendor:   ATI
    VRAM:     1004 MB
    Driver:   27.20.1034.6
Begin MonoManager ReloadAssembly
- Completed reload, in  0.031 seconds
<RI> Initializing input.
<RI> Input initialized.
<RI> Initialized touch support.
UnloadTime: 5.482700 ms
WwiseUnity: Initialize sound engine ...
 
(Filename: C:\buildslave\unity\build\artifacts/generated/common/runtime/DebugBindings.gen.cpp Line: 51)

WwiseUnity: Sound engine initialized.
 
(Filename: C:\buildslave\unity\build\artifacts/generated/common/runtime/DebugBindings.gen.cpp Line: 51)

Initializing GalaxyPeer instance...
 
(Filename: C:\buildslave\unity\build\artifacts/generated/common/runtime/DebugBindings.gen.cpp Line: 51)

Signing user in using Galaxy client...
 
(Filename: C:\buildslave\unity\build\artifacts/generated/common/runtime/DebugBindings.gen.cpp Line: 51)

Loaded translation: 4124 entries
 
(Filename: C:\buildslave\unity\build\artifacts/generated/common/runtime/DebugBindings.gen.cpp Line: 51)

Locale is now ru
 
(Filename: C:\buildslave\unity\build\artifacts/generated/common/runtime/DebugBindings.gen.cpp Line: 51)

No sector starter
 
(Filename: C:\buildslave\unity\build\artifacts/generated/common/runtime/DebugBindings.gen.cpp Line: 51)

Submitting news request...
 
(Filename: C:\buildslave\unity\build\artifacts/generated/common/runtime/DebugBindings.gen.cpp Line: 51)

[Steamworks.NET] SteamAPI_Init() failed. Refer to Valve's documentation or the comment above this line for more information.
 
(Filename: C:\buildslave\unity\build\artifacts/generated/common/runtime/DebugBindings.gen.cpp Line: 51)

Setting up 2 worker threads for Enlighten.
  Thread -> id: 1130 -> priority: 1 
  Thread -> id: 153c -> priority: 1 
Response received
 
(Filename: C:\buildslave\unity\build\artifacts/generated/common/runtime/DebugBindings.gen.cpp Line: 51)

Network error retrieving announcements
 
(Filename: C:\buildslave\unity\build\artifacts/generated/common/runtime/DebugBindings.gen.cpp Line: 51)

Generic/unknown HTTP error
 
(Filename: C:\buildslave\unity\build\artifacts/generated/common/runtime/DebugBindings.gen.cpp Line: 51)

Loaded translation: 4124 entries
 
(Filename: C:\buildslave\unity\build\artifacts/generated/common/runtime/DebugBindings.gen.cpp Line: 51)

Locale is now ru
 
(Filename: C:\buildslave\unity\build\artifacts/generated/common/runtime/DebugBindings.gen.cpp Line: 51)

Requesting localization from server for ru
 
(Filename: C:\buildslave\unity\build\artifacts/generated/common/runtime/DebugBindings.gen.cpp Line: 51)

There was an error retrieving translations from the server: Generic/unknown HTTP error
 
(Filename: C:\buildslave\unity\build\artifacts/generated/common/runtime/DebugBindings.gen.cpp Line: 51)

Failed to sign in for reason FAILURE_REASON_GALAXY_SERVICE_NOT_AVAILABLE
 
(Filename: C:\buildslave\unity\build\artifacts/generated/common/runtime/DebugBindings.gen.cpp Line: 51)

Async loading gameworld
 
(Filename: C:\buildslave\unity\build\artifacts/generated/common/runtime/DebugBindings.gen.cpp Line: 51)

Unloading 6 Unused Serialized files (Serialized files now loaded: 0)
UnloadTime: 18.370800 ms
Loaded 164 technologies
 
(Filename: C:\buildslave\unity\build\artifacts/generated/common/runtime/DebugBindings.gen.cpp Line: 51)

Rocky Planet 2 (Orbit) orbitted object not found: White Dwarf::sector_beta_0_0::6381623
 
(Filename: C:\buildslave\unity\build\artifacts/generated/common/runtime/DebugBindings.gen.cpp Line: 51)

Loaded 164 technologies
 
(Filename: C:\buildslave\unity\build\artifacts/generated/common/runtime/DebugBindings.gen.cpp Line: 51)

Duplicate map icon in lookup: autoid::Lumae Radiant::403916039 while load sector_yota_75_75
 
(Filename: C:\buildslave\unity\build\artifacts/generated/common/runtime/DebugBindings.gen.cpp Line: 51)

Replacing PersistentObject with another of same id: autoid::Midnight Background::1031879074
 
(Filename: C:\buildslave\unity\build\artifacts/generated/common/runtime/DebugBindings.gen.cpp Line: 51)


Unloading 190 unused Assets to reduce memory usage. Loaded Objects now: 152298.
Total: 223.951800 ms (FindLiveObjects: 8.105000 ms CreateObjectMapping: 15.786400 ms MarkObjects: 199.691400 ms  DeleteObjects: 0.368700 ms)

Translation does not contain MISSIONS.ASTEROID_1_TITLE
 
(Filename: C:\buildslave\unity\build\artifacts/generated/common/runtime/DebugBindings.gen.cpp Line: 51)

Translation does not contain MISSIONS.ASTEROID_2_TITLE
 
(Filename: C:\buildslave\unity\build\artifacts/generated/common/runtime/DebugBindings.gen.cpp Line: 51)

Translation does not contain MISSIONS.ASTEROID_2_EXTRA
 
(Filename: C:\buildslave\unity\build\artifacts/generated/common/runtime/DebugBindings.gen.cpp Line: 51)

Translation does not contain MISSIONS.ASTEROID_3_TITLE
 
(Filename: C:\buildslave\unity\build\artifacts/generated/common/runtime/DebugBindings.gen.cpp Line: 51)

Translation does not contain MISSIONS.ASTEROID_3_EXTRA
 
(Filename: C:\buildslave\unity\build\artifacts/generated/common/runtime/DebugBindings.gen.cpp Line: 51)

Translation does not contain MISSIONS.ASTEROID_4_TITLE
 
(Filename: C:\buildslave\unity\build\artifacts/generated/common/runtime/DebugBindings.gen.cpp Line: 51)

Translation does not contain MISSIONS.ASTEROID_4_EXTRA
 
(Filename: C:\buildslave\unity\build\artifacts/generated/common/runtime/DebugBindings.gen.cpp Line: 51)

Translation does not contain MISSIONS.RIFT_1_TITLE
 
(Filename: C:\buildslave\unity\build\artifacts/generated/common/runtime/DebugBindings.gen.cpp Line: 51)

Translation does not contain MISSIONS.RIFT_1_EXTRA
 
(Filename: C:\buildslave\unity\build\artifacts/generated/common/runtime/DebugBindings.gen.cpp Line: 51)

Translation does not contain MISSIONS.RIFT_2_TITLE
 
(Filename: C:\buildslave\unity\build\artifacts/generated/common/runtime/DebugBindings.gen.cpp Line: 51)

Translation does not contain MISSIONS.RIFT_2_EXTRA
 
(Filename: C:\buildslave\unity\build\artifacts/generated/common/runtime/DebugBindings.gen.cpp Line: 51)

AlphaDelivery (MissionGraph) is complete
 
(Filename: C:\buildslave\unity\build\artifacts/generated/common/runtime/DebugBindings.gen.cpp Line: 51)

AsteroidHunter (MissionGraph) is complete
 
(Filename: C:\buildslave\unity\build\artifacts/generated/common/runtime/DebugBindings.gen.cpp Line: 51)

Replacing PersistentObject with another of same id: autoid::Lumae Radiant::403916039
 
(Filename: C:\buildslave\unity\build\artifacts/generated/common/runtime/DebugBindings.gen.cpp Line: 51)

Failed to remove autoid::Midnight Background::1031879074
 
(Filename: C:\buildslave\unity\build\artifacts/generated/common/runtime/DebugBindings.gen.cpp Line: 51)

Failed to remove autoid::Lumae Radiant::403916039
 
(Filename: C:\buildslave\unity\build\artifacts/generated/common/runtime/DebugBindings.gen.cpp Line: 51)

AlphaToXeno (MissionGraph) is complete
 
(Filename: C:\buildslave\unity\build\artifacts/generated/common/runtime/DebugBindings.gen.cpp Line: 51)

XenoNexusOff (MissionGraph) is complete
 
(Filename: C:\buildslave\unity\build\artifacts/generated/common/runtime/DebugBindings.gen.cpp Line: 51)

Translation does not contain MISSIONS.WHAT_THE_HELL_TITLE
 
(Filename: C:\buildslave\unity\build\artifacts/generated/common/runtime/DebugBindings.gen.cpp Line: 51)

Translation does not contain MISSIONS.WHAT_THE_HELL_EXTRA
 
(Filename: C:\buildslave\unity\build\artifacts/generated/common/runtime/DebugBindings.gen.cpp Line: 51)

Translation does not contain MISSIONS.NAV_BACK_TITLE
 
(Filename: C:\buildslave\unity\build\artifacts/generated/common/runtime/DebugBindings.gen.cpp Line: 51)

Translation does not contain MISSIONS.NAV_BACK_EXTRA
 
(Filename: C:\buildslave\unity\build\artifacts/generated/common/runtime/DebugBindings.gen.cpp Line: 51)

XenoEntry (MissionGraph) is complete
 
(Filename: C:\buildslave\unity\build\artifacts/generated/common/runtime/DebugBindings.gen.cpp Line: 51)

ActI (MissionGraph) is complete
 
(Filename: C:\buildslave\unity\build\artifacts/generated/common/runtime/DebugBindings.gen.cpp Line: 51)

_HelpMissions (MissionGraph) is complete
 
(Filename: C:\buildslave\unity\build\artifacts/generated/common/runtime/DebugBindings.gen.cpp Line: 51)

StartingLogs (MissionGraph) is complete
 
(Filename: C:\buildslave\unity\build\artifacts/generated/common/runtime/DebugBindings.gen.cpp Line: 51)

Translation does not contain MISSIONS.KITE_STATION_DETECTED_EXTRA
 
(Filename: C:\buildslave\unity\build\artifacts/generated/common/runtime/DebugBindings.gen.cpp Line: 51)

Opening convo with CHITIK
 
(Filename: C:\buildslave\unity\build\artifacts/generated/common/runtime/DebugBindings.gen.cpp Line: 51)

Not starting MapNoteHelp (MissionGraph): ACTIVE
 
(Filename: C:\buildslave\unity\build\artifacts/generated/common/runtime/DebugBindings.gen.cpp Line: 51)

MapHelp (MissionGraph) is complete
 
(Filename: C:\buildslave\unity\build\artifacts/generated/common/runtime/DebugBindings.gen.cpp Line: 51)

Commander button attract mode: True
 
(Filename: C:\buildslave\unity\build\artifacts/generated/common/runtime/DebugBindings.gen.cpp Line: 51)

Opening convo with STATION
 
(Filename: C:\buildslave\unity\build\artifacts/generated/common/runtime/DebugBindings.gen.cpp Line: 51)

Achievement: GREETINGS
 
(Filename: C:\buildslave\unity\build\artifacts/generated/common/runtime/DebugBindings.gen.cpp Line: 51)

Exception in GOG Galaxy: System.NullReferenceException: Object reference not set to an instance of an object
  at AchievementManager.AchievementUnlocked (AchievementId achievementId) [0x00000] in <filename unknown>:0 
 
(Filename: C:\buildslave\unity\build\artifacts/generated/common/runtime/DebugBindings.gen.cpp Line: 51)

StationReunion (MissionGraph) is complete
 
(Filename: C:\buildslave\unity\build\artifacts/generated/common/runtime/DebugBindings.gen.cpp Line: 51)

Opening convo with SHIPYARD
 
(Filename: C:\buildslave\unity\build\artifacts/generated/common/runtime/DebugBindings.gen.cpp Line: 51)

Text was empty: SHIPYARD_DEFAULT, 0
 
(Filename: C:\buildslave\unity\build\artifacts/generated/common/runtime/DebugBindings.gen.cpp Line: 51)

Translation does not contain MISSIONS.HELP_SHIPYARD_TITLE
 
(Filename: C:\buildslave\unity\build\artifacts/generated/common/runtime/DebugBindings.gen.cpp Line: 51)

Translation does not contain MISSIONS.HELP_SHIPYARD_EXTRA
 
(Filename: C:\buildslave\unity\build\artifacts/generated/common/runtime/DebugBindings.gen.cpp Line: 51)

Translation does not contain MISSIONS.HELP_SHIP_CONFIG_EXTRA
 
(Filename: C:\buildslave\unity\build\artifacts/generated/common/runtime/DebugBindings.gen.cpp Line: 51)

Translation does not contain MISSIONS.HELP_BLUEPRINTS_EXTRA
 
(Filename: C:\buildslave\unity\build\artifacts/generated/common/runtime/DebugBindings.gen.cpp Line: 51)

Translation does not contain BLUEPRINTS.COVAN5_NAME
 
(Filename: C:\buildslave\unity\build\artifacts/generated/common/runtime/DebugBindings.gen.cpp Line: 51)

Shipyard (MissionGraph) is complete
 
(Filename: C:\buildslave\unity\build\artifacts/generated/common/runtime/DebugBindings.gen.cpp Line: 51)

Translation does not contain MISSIONS.SURVEY_3_PLANETS_EXTRA
 
(Filename: C:\buildslave\unity\build\artifacts/generated/common/runtime/DebugBindings.gen.cpp Line: 51)

Translation does not contain MISSIONS.SURVEY_1_PLANET_EXTRA
 
(Filename: C:\buildslave\unity\build\artifacts/generated/common/runtime/DebugBindings.gen.cpp Line: 51)

Adding news for NOTICES.STATIONNOTICES_2 : ВНИМАНИЕ: До тех пор, пока в этом секторе не будет найден надёжный источник органических питательных веществ, вводится продовольственное нормирование.
 
(Filename: C:\buildslave\unity\build\artifacts/generated/common/runtime/DebugBindings.gen.cpp Line: 51)

Translation does not contain MISSIONS.SURVEY_COMPLETE_EXTRA
 
(Filename: C:\buildslave\unity\build\artifacts/generated/common/runtime/DebugBindings.gen.cpp Line: 51)

SurveyXeno1 (SurveyPlanetsMission) is complete
 
(Filename: C:\buildslave\unity\build\artifacts/generated/common/runtime/DebugBindings.gen.cpp Line: 51)

ChitikAmbush (MissionGraph) is complete
 
(Filename: C:\buildslave\unity\build\artifacts/generated/common/runtime/DebugBindings.gen.cpp Line: 51)

Deleting previous save: QUICKSAVE_1669847206
 
(Filename: C:\buildslave\unity\build\artifacts/generated/common/runtime/DebugBindings.gen.cpp Line: 51)

Current quality setting: 3
 
(Filename: C:\buildslave\unity\build\artifacts/generated/common/runtime/DebugBindings.gen.cpp Line: 51)

Changing quality to 3
 
(Filename: C:\buildslave\unity\build\artifacts/generated/common/runtime/DebugBindings.gen.cpp Line: 51)

Current quality setting: 3
 
(Filename: C:\buildslave\unity\build\artifacts/generated/common/runtime/DebugBindings.gen.cpp Line: 51)

Returning game to MODAL_DIALOG
 
(Filename: C:\buildslave\unity\build\artifacts/generated/common/runtime/DebugBindings.gen.cpp Line: 51)

Deleting previous save: QUICKSAVE_1669847257
 
(Filename: C:\buildslave\unity\build\artifacts/generated/common/runtime/DebugBindings.gen.cpp Line: 51)

Commander button attract mode: True
 
(Filename: C:\buildslave\unity\build\artifacts/generated/common/runtime/DebugBindings.gen.cpp Line: 51)

Opening convo with STATION
 
(Filename: C:\buildslave\unity\build\artifacts/generated/common/runtime/DebugBindings.gen.cpp Line: 51)

Opening convo with RESEARCH
 
(Filename: C:\buildslave\unity\build\artifacts/generated/common/runtime/DebugBindings.gen.cpp Line: 51)

Text was empty: RESEARCH_DEFAULT, 0
 
(Filename: C:\buildslave\unity\build\artifacts/generated/common/runtime/DebugBindings.gen.cpp Line: 51)

Opening convo with SHIPYARD
 
(Filename: C:\buildslave\unity\build\artifacts/generated/common/runtime/DebugBindings.gen.cpp Line: 51)

Text was empty: SHIPYARD_DEFAULT, 0
 
(Filename: C:\buildslave\unity\build\artifacts/generated/common/runtime/DebugBindings.gen.cpp Line: 51)

Translation does not contain MISSIONS.HELP_RESEARCH_LAB_EXTRA
 
(Filename: C:\buildslave\unity\build\artifacts/generated/common/runtime/DebugBindings.gen.cpp Line: 51)

Translation does not contain MISSIONS.HELP_RESEARCH_CHOOSE_EXTRA
 
(Filename: C:\buildslave\unity\build\artifacts/generated/common/runtime/DebugBindings.gen.cpp Line: 51)

Translation does not contain MISSIONS.RESEARCH_ADVICE_EXTRA
 
(Filename: C:\buildslave\unity\build\artifacts/generated/common/runtime/DebugBindings.gen.cpp Line: 51)

Translation does not contain MISSIONS.RESEARCH_COMPLETE_EXTRA
 
(Filename: C:\buildslave\unity\build\artifacts/generated/common/runtime/DebugBindings.gen.cpp Line: 51)

ResearchLab (MissionGraph) is complete
 
(Filename: C:\buildslave\unity\build\artifacts/generated/common/runtime/DebugBindings.gen.cpp Line: 51)

Deleting previous save: QUICKSAVE_1669847299
 
(Filename: C:\buildslave\unity\build\artifacts/generated/common/runtime/DebugBindings.gen.cpp Line: 51)

TurboHelp (MissionGraph) is complete
 
(Filename: C:\buildslave\unity\build\artifacts/generated/common/runtime/DebugBindings.gen.cpp Line: 51)

Translation does not contain MISSIONS.SCIENCE_INTERUPT_TITLE
 
(Filename: C:\buildslave\unity\build\artifacts/generated/common/runtime/DebugBindings.gen.cpp Line: 51)

Translation does not contain MISSIONS.SCIENCE_INTERUPT_EXTRA
 
(Filename: C:\buildslave\unity\build\artifacts/generated/common/runtime/DebugBindings.gen.cpp Line: 51)

MapNoteHelp (MissionGraph) is complete
 
(Filename: C:\buildslave\unity\build\artifacts/generated/common/runtime/DebugBindings.gen.cpp Line: 51)

Warp Failure Effect(Clone) (ParticleAutodestruct) exceeded max life, removing.
 
(Filename: C:\buildslave\unity\build\artifacts/generated/common/runtime/DebugBindings.gen.cpp Line: 51)

Translation does not contain MISSIONS.WARP_INSTABILITY_EXTRA
 
(Filename: C:\buildslave\unity\build\artifacts/generated/common/runtime/DebugBindings.gen.cpp Line: 51)

No such persistent: WARP_FAILURE
 
(Filename: C:\buildslave\unity\build\artifacts/generated/common/runtime/DebugBindings.gen.cpp Line: 51)

No such persistent: WARP_FAILURE
 
(Filename: C:\buildslave\unity\build\artifacts/generated/common/runtime/DebugBindings.gen.cpp Line: 51)

MissionLogHelp (MissionGraph) is complete
 
(Filename: C:\buildslave\unity\build\artifacts/generated/common/runtime/DebugBindings.gen.cpp Line: 51)

Translation does not contain MISSIONS.MESSAGE_FRAGMENT_0_EXTRA
 
(Filename: C:\buildslave\unity\build\artifacts/generated/common/runtime/DebugBindings.gen.cpp Line: 51)

Adding news for NOTICES.STATIONNOTICES_4 : Пока Dee занимается изучением местной солнечной системы, корабль «The Covans», скорее всего, будет нуждаться в дополнительном личном составе. Ввиду высокого риска планетарных высадок добровольцы будут получать надбавку за опасную работу.
 
(Filename: C:\buildslave\unity\build\artifacts/generated/common/runtime/DebugBindings.gen.cpp Line: 51)

Dropping Discovery Drop Skull(Clone) (DiscoveryDrop)
 
(Filename: C:\buildslave\unity\build\artifacts/generated/common/runtime/DebugBindings.gen.cpp Line: 51)

Translation does not contain MISSIONS.MESSAGE_FRAGMENT_2_EXTRA
 
(Filename: C:\buildslave\unity\build\artifacts/generated/common/runtime/DebugBindings.gen.cpp Line: 51)

Translation does not contain MISSIONS.DEEP_SPACE_EXTRA
 
(Filename: C:\buildslave\unity\build\artifacts/generated/common/runtime/DebugBindings.gen.cpp Line: 51)

Translation does not contain MISSIONS.WHERE_ARE_WE_GOING_TITLE
 
(Filename: C:\buildslave\unity\build\artifacts/generated/common/runtime/DebugBindings.gen.cpp Line: 51)

Translation does not contain MISSIONS.WHERE_ARE_WE_GOING_EXTRA
 
(Filename: C:\buildslave\unity\build\artifacts/generated/common/runtime/DebugBindings.gen.cpp Line: 51)

CruiseHelp (MissionGraph) is complete
 
(Filename: C:\buildslave\unity\build\artifacts/generated/common/runtime/DebugBindings.gen.cpp Line: 51)

Translation does not contain MISSIONS.HELP_CREW_LOST_TITLE
 
(Filename: C:\buildslave\unity\build\artifacts/generated/common/runtime/DebugBindings.gen.cpp Line: 51)

Translation does not contain MISSIONS.HELP_CREW_LOST_EXTRA
 
(Filename: C:\buildslave\unity\build\artifacts/generated/common/runtime/DebugBindings.gen.cpp Line: 51)

CrewHelp (MissionGraph) is complete
 
(Filename: C:\buildslave\unity\build\artifacts/generated/common/runtime/DebugBindings.gen.cpp Line: 51)

Start: sector_xeno_4_1 641 x -1180 End: sector_xeno_0_0 438 x -305
 
(Filename: C:\buildslave\unity\build\artifacts/generated/common/runtime/DebugBindings.gen.cpp Line: 51)

ChitikFirstContact (MissionGraph) is complete
 
(Filename: C:\buildslave\unity\build\artifacts/generated/common/runtime/DebugBindings.gen.cpp Line: 51)

Commander button attract mode: True
 
(Filename: C:\buildslave\unity\build\artifacts/generated/common/runtime/DebugBindings.gen.cpp Line: 51)

Opening convo with STATION
 
(Filename: C:\buildslave\unity\build\artifacts/generated/common/runtime/DebugBindings.gen.cpp Line: 51)

Current quality setting: 3
 
(Filename: C:\buildslave\unity\build\artifacts/generated/common/runtime/DebugBindings.gen.cpp Line: 51)

Current quality setting: 3
 
(Filename: C:\buildslave\unity\build\artifacts/generated/common/runtime/DebugBindings.gen.cpp Line: 51)

Translation does not contain INPUT.KEY_A
 
(Filename: C:\buildslave\unity\build\artifacts/generated/common/runtime/DebugBindings.gen.cpp Line: 51)

Translation does not contain INPUT.KEY_D
 
(Filename: C:\buildslave\unity\build\artifacts/generated/common/runtime/DebugBindings.gen.cpp Line: 51)

Translation does not contain INPUT.KEY_W
 
(Filename: C:\buildslave\unity\build\artifacts/generated/common/runtime/DebugBindings.gen.cpp Line: 51)

Translation does not contain INPUT.KEY_S
 
(Filename: C:\buildslave\unity\build\artifacts/generated/common/runtime/DebugBindings.gen.cpp Line: 51)

Translation does not contain INPUT.KEY_X
 
(Filename: C:\buildslave\unity\build\artifacts/generated/common/runtime/DebugBindings.gen.cpp Line: 51)

Translation does not contain INPUT.KEY_NONE
 
(Filename: C:\buildslave\unity\build\artifacts/generated/common/runtime/DebugBindings.gen.cpp Line: 51)

Translation does not contain INPUT.KEY_C
 
(Filename: C:\buildslave\unity\build\artifacts/generated/common/runtime/DebugBindings.gen.cpp Line: 51)

Translation does not contain INPUT.KEY_NONE
 
(Filename: C:\buildslave\unity\build\artifacts/generated/common/runtime/DebugBindings.gen.cpp Line: 51)

Translation does not contain INPUT.KEY_SPACE
 
(Filename: C:\buildslave\unity\build\artifacts/generated/common/runtime/DebugBindings.gen.cpp Line: 51)

Translation does not contain INPUT.KEY_NONE
 
(Filename: C:\buildslave\unity\build\artifacts/generated/common/runtime/DebugBindings.gen.cpp Line: 51)

Translation does not contain INPUT.KEY_R
 
(Filename: C:\buildslave\unity\build\artifacts/generated/common/runtime/DebugBindings.gen.cpp Line: 51)

Translation does not contain INPUT.KEY_NONE
 
(Filename: C:\buildslave\unity\build\artifacts/generated/common/runtime/DebugBindings.gen.cpp Line: 51)

Translation does not contain INPUT.KEY_Q
 
(Filename: C:\buildslave\unity\build\artifacts/generated/common/runtime/DebugBindings.gen.cpp Line: 51)

Translation does not contain INPUT.KEY_NONE
 
(Filename: C:\buildslave\unity\build\artifacts/generated/common/runtime/DebugBindings.gen.cpp Line: 51)

Translation does not contain INPUT.KEY_Z
 
(Filename: C:\buildslave\unity\build\artifacts/generated/common/runtime/DebugBindings.gen.cpp Line: 51)

Translation does not contain INPUT.KEY_T
 
(Filename: C:\buildslave\unity\build\artifacts/generated/common/runtime/DebugBindings.gen.cpp Line: 51)

Translation does not contain INPUT.KEY_E
 
(Filename: C:\buildslave\unity\build\artifacts/generated/common/runtime/DebugBindings.gen.cpp Line: 51)

Translation does not contain INPUT.KEY_NONE
 
(Filename: C:\buildslave\unity\build\artifacts/generated/common/runtime/DebugBindings.gen.cpp Line: 51)

Translation does not contain INPUT.KEY_F
 
(Filename: C:\buildslave\unity\build\artifacts/generated/common/runtime/DebugBindings.gen.cpp Line: 51)

Translation does not contain INPUT.KEY_NONE
 
(Filename: C:\buildslave\unity\build\artifacts/generated/common/runtime/DebugBindings.gen.cpp Line: 51)

Translation does not contain INPUT.KEY_M
 
(Filename: C:\buildslave\unity\build\artifacts/generated/common/runtime/DebugBindings.gen.cpp Line: 51)

Translation does not contain INPUT.KEY_NONE
 
(Filename: C:\buildslave\unity\build\artifacts/generated/common/runtime/DebugBindings.gen.cpp Line: 51)

Translation does not contain INPUT.KEY_NONE
 
(Filename: C:\buildslave\unity\build\artifacts/generated/common/runtime/DebugBindings.gen.cpp Line: 51)

Translation does not contain INPUT.KEY_TAB
 
(Filename: C:\buildslave\unity\build\artifacts/generated/common/runtime/DebugBindings.gen.cpp Line: 51)

Translation does not contain INPUT.KEY_F1
 
(Filename: C:\buildslave\unity\build\artifacts/generated/common/runtime/DebugBindings.gen.cpp Line: 51)

Translation does not contain INPUT.KEY_NONE
 
(Filename: C:\buildslave\unity\build\artifacts/generated/common/runtime/DebugBindings.gen.cpp Line: 51)

Translation does not contain INPUT.KEY_F5
 
(Filename: C:\buildslave\unity\build\artifacts/generated/common/runtime/DebugBindings.gen.cpp Line: 51)

Translation does not contain INPUT.KEY_NONE
 
(Filename: C:\buildslave\unity\build\artifacts/generated/common/runtime/DebugBindings.gen.cpp Line: 51)

Translation does not contain INPUT.KEY_F7
 
(Filename: C:\buildslave\unity\build\artifacts/generated/common/runtime/DebugBindings.gen.cpp Line: 51)

Translation does not contain INPUT.KEY_NONE
 
(Filename: C:\buildslave\unity\build\artifacts/generated/common/runtime/DebugBindings.gen.cpp Line: 51)

User wants to rebind MAP_TOGGLE
 
(Filename: C:\buildslave\unity\build\artifacts/generated/common/runtime/DebugBindings.gen.cpp Line: 51)

Translation does not contain INPUT.KEY_A
 
(Filename: C:\buildslave\unity\build\artifacts/generated/common/runtime/DebugBindings.gen.cpp Line: 51)

Translation does not contain INPUT.KEY_D
 
(Filename: C:\buildslave\unity\build\artifacts/generated/common/runtime/DebugBindings.gen.cpp Line: 51)

Translation does not contain INPUT.KEY_W
 
(Filename: C:\buildslave\unity\build\artifacts/generated/common/runtime/DebugBindings.gen.cpp Line: 51)

Translation does not contain INPUT.KEY_S
 
(Filename: C:\buildslave\unity\build\artifacts/generated/common/runtime/DebugBindings.gen.cpp Line: 51)

Translation does not contain INPUT.KEY_X
 
(Filename: C:\buildslave\unity\build\artifacts/generated/common/runtime/DebugBindings.gen.cpp Line: 51)

Translation does not contain INPUT.KEY_NONE
 
(Filename: C:\buildslave\unity\build\artifacts/generated/common/runtime/DebugBindings.gen.cpp Line: 51)

Translation does not contain INPUT.KEY_C
 
(Filename: C:\buildslave\unity\build\artifacts/generated/common/runtime/DebugBindings.gen.cpp Line: 51)

Translation does not contain INPUT.KEY_NONE
 
(Filename: C:\buildslave\unity\build\artifacts/generated/common/runtime/DebugBindings.gen.cpp Line: 51)

Translation does not contain INPUT.KEY_SPACE
 
(Filename: C:\buildslave\unity\build\artifacts/generated/common/runtime/DebugBindings.gen.cpp Line: 51)

Translation does not contain INPUT.KEY_NONE
 
(Filename: C:\buildslave\unity\build\artifacts/generated/common/runtime/DebugBindings.gen.cpp Line: 51)

Translation does not contain INPUT.KEY_R
 
(Filename: C:\buildslave\unity\build\artifacts/generated/common/runtime/DebugBindings.gen.cpp Line: 51)

Translation does not contain INPUT.KEY_NONE
 
(Filename: C:\buildslave\unity\build\artifacts/generated/common/runtime/DebugBindings.gen.cpp Line: 51)

Translation does not contain INPUT.KEY_Q
 
(Filename: C:\buildslave\unity\build\artifacts/generated/common/runtime/DebugBindings.gen.cpp Line: 51)

Translation does not contain INPUT.KEY_NONE
 
(Filename: C:\buildslave\unity\build\artifacts/generated/common/runtime/DebugBindings.gen.cpp Line: 51)

Translation does not contain INPUT.KEY_Z
 
(Filename: C:\buildslave\unity\build\artifacts/generated/common/runtime/DebugBindings.gen.cpp Line: 51)

Translation does not contain INPUT.KEY_T
 
(Filename: C:\buildslave\unity\build\artifacts/generated/common/runtime/DebugBindings.gen.cpp Line: 51)

Translation does not contain INPUT.KEY_E
 
(Filename: C:\buildslave\unity\build\artifacts/generated/common/runtime/DebugBindings.gen.cpp Line: 51)

Translation does not contain INPUT.KEY_NONE
 
(Filename: C:\buildslave\unity\build\artifacts/generated/common/runtime/DebugBindings.gen.cpp Line: 51)

Translation does not contain INPUT.KEY_F
 
(Filename: C:\buildslave\unity\build\artifacts/generated/common/runtime/DebugBindings.gen.cpp Line: 51)

Translation does not contain INPUT.KEY_NONE
 
(Filename: C:\buildslave\unity\build\artifacts/generated/common/runtime/DebugBindings.gen.cpp Line: 51)

Translation does not contain INPUT.KEY_M
 
(Filename: C:\buildslave\unity\build\artifacts/generated/common/runtime/DebugBindings.gen.cpp Line: 51)

Translation does not contain INPUT.KEY_NONE
 
(Filename: C:\buildslave\unity\build\artifacts/generated/common/runtime/DebugBindings.gen.cpp Line: 51)

Translation does not contain INPUT.KEY_NONE
 
(Filename: C:\buildslave\unity\build\artifacts/generated/common/runtime/DebugBindings.gen.cpp Line: 51)

Translation does not contain INPUT.KEY_TAB
 
(Filename: C:\buildslave\unity\build\artifacts/generated/common/runtime/DebugBindings.gen.cpp Line: 51)

Translation does not contain INPUT.KEY_F1
 
(Filename: C:\buildslave\unity\build\artifacts/generated/common/runtime/DebugBindings.gen.cpp Line: 51)

Translation does not contain INPUT.KEY_NONE
 
(Filename: C:\buildslave\unity\build\artifacts/generated/common/runtime/DebugBindings.gen.cpp Line: 51)

Translation does not contain INPUT.KEY_F5
 
(Filename: C:\buildslave\unity\build\artifacts/generated/common/runtime/DebugBindings.gen.cpp Line: 51)

Translation does not contain INPUT.KEY_NONE
 
(Filename: C:\buildslave\unity\build\artifacts/generated/common/runtime/DebugBindings.gen.cpp Line: 51)

Translation does not contain INPUT.KEY_F7
 
(Filename: C:\buildslave\unity\build\artifacts/generated/common/runtime/DebugBindings.gen.cpp Line: 51)

Translation does not contain INPUT.KEY_NONE
 
(Filename: C:\buildslave\unity\build\artifacts/generated/common/runtime/DebugBindings.gen.cpp Line: 51)

Translation does not contain INPUT.KEY_A
 
(Filename: C:\buildslave\unity\build\artifacts/generated/common/runtime/DebugBindings.gen.cpp Line: 51)

Translation does not contain INPUT.KEY_D
 
(Filename: C:\buildslave\unity\build\artifacts/generated/common/runtime/DebugBindings.gen.cpp Line: 51)

Translation does not contain INPUT.KEY_W
 
(Filename: C:\buildslave\unity\build\artifacts/generated/common/runtime/DebugBindings.gen.cpp Line: 51)

Translation does not contain INPUT.KEY_S
 
(Filename: C:\buildslave\unity\build\artifacts/generated/common/runtime/DebugBindings.gen.cpp Line: 51)

Translation does not contain INPUT.KEY_X
 
(Filename: C:\buildslave\unity\build\artifacts/generated/common/runtime/DebugBindings.gen.cpp Line: 51)

Translation does not contain INPUT.KEY_NONE
 
(Filename: C:\buildslave\unity\build\artifacts/generated/common/runtime/DebugBindings.gen.cpp Line: 51)

Translation does not contain INPUT.KEY_C
 
(Filename: C:\buildslave\unity\build\artifacts/generated/common/runtime/DebugBindings.gen.cpp Line: 51)

Translation does not contain INPUT.KEY_NONE
 
(Filename: C:\buildslave\unity\build\artifacts/generated/common/runtime/DebugBindings.gen.cpp Line: 51)

Translation does not contain INPUT.KEY_SPACE
 
(Filename: C:\buildslave\unity\build\artifacts/generated/common/runtime/DebugBindings.gen.cpp Line: 51)

Translation does not contain INPUT.KEY_NONE
 
(Filename: C:\buildslave\unity\build\artifacts/generated/common/runtime/DebugBindings.gen.cpp Line: 51)

Translation does not contain INPUT.KEY_R
 
(Filename: C:\buildslave\unity\build\artifacts/generated/common/runtime/DebugBindings.gen.cpp Line: 51)

Translation does not contain INPUT.KEY_NONE
 
(Filename: C:\buildslave\unity\build\artifacts/generated/common/runtime/DebugBindings.gen.cpp Line: 51)

Translation does not contain INPUT.KEY_Q
 
(Filename: C:\buildslave\unity\build\artifacts/generated/common/runtime/DebugBindings.gen.cpp Line: 51)

Translation does not contain INPUT.KEY_NONE
 
(Filename: C:\buildslave\unity\build\artifacts/generated/common/runtime/DebugBindings.gen.cpp Line: 51)

Translation does not contain INPUT.KEY_Z
 
(Filename: C:\buildslave\unity\build\artifacts/generated/common/runtime/DebugBindings.gen.cpp Line: 51)

Translation does not contain INPUT.KEY_T
 
(Filename: C:\buildslave\unity\build\artifacts/generated/common/runtime/DebugBindings.gen.cpp Line: 51)

Translation does not contain INPUT.KEY_E
 
(Filename: C:\buildslave\unity\build\artifacts/generated/common/runtime/DebugBindings.gen.cpp Line: 51)

Translation does not contain INPUT.KEY_NONE
 
(Filename: C:\buildslave\unity\build\artifacts/generated/common/runtime/DebugBindings.gen.cpp Line: 51)

Translation does not contain INPUT.KEY_F
 
(Filename: C:\buildslave\unity\build\artifacts/generated/common/runtime/DebugBindings.gen.cpp Line: 51)

Translation does not contain INPUT.KEY_NONE
 
(Filename: C:\buildslave\unity\build\artifacts/generated/common/runtime/DebugBindings.gen.cpp Line: 51)

Translation does not contain INPUT.KEY_TAB
 
(Filename: C:\buildslave\unity\build\artifacts/generated/common/runtime/DebugBindings.gen.cpp Line: 51)

Translation does not contain INPUT.KEY_M
 
(Filename: C:\buildslave\unity\build\artifacts/generated/common/runtime/DebugBindings.gen.cpp Line: 51)

Translation does not contain INPUT.KEY_NONE
 
(Filename: C:\buildslave\unity\build\artifacts/generated/common/runtime/DebugBindings.gen.cpp Line: 51)

Translation does not contain INPUT.KEY_NONE
 
(Filename: C:\buildslave\unity\build\artifacts/generated/common/runtime/DebugBindings.gen.cpp Line: 51)

Translation does not contain INPUT.KEY_NONE
 
(Filename: C:\buildslave\unity\build\artifacts/generated/common/runtime/DebugBindings.gen.cpp Line: 51)

Translation does not contain INPUT.KEY_F1
 
(Filename: C:\buildslave\unity\build\artifacts/generated/common/runtime/DebugBindings.gen.cpp Line: 51)

Translation does not contain INPUT.KEY_NONE
 
(Filename: C:\buildslave\unity\build\artifacts/generated/common/runtime/DebugBindings.gen.cpp Line: 51)

Translation does not contain INPUT.KEY_F5
 
(Filename: C:\buildslave\unity\build\artifacts/generated/common/runtime/DebugBindings.gen.cpp Line: 51)

Translation does not contain INPUT.KEY_NONE
 
(Filename: C:\buildslave\unity\build\artifacts/generated/common/runtime/DebugBindings.gen.cpp Line: 51)

Translation does not contain INPUT.KEY_F7
 
(Filename: C:\buildslave\unity\build\artifacts/generated/common/runtime/DebugBindings.gen.cpp Line: 51)

Translation does not contain INPUT.KEY_NONE
 
(Filename: C:\buildslave\unity\build\artifacts/generated/common/runtime/DebugBindings.gen.cpp Line: 51)

Returning game to MODAL_DIALOG
 
(Filename: C:\buildslave\unity\build\artifacts/generated/common/runtime/DebugBindings.gen.cpp Line: 51)

Start: sector_xeno_0_0 438 x -305 End: sector_xeno_4_1 641 x -1180
 
(Filename: C:\buildslave\unity\build\artifacts/generated/common/runtime/DebugBindings.gen.cpp Line: 51)

Achievement: NEXUS_JUMP
 
(Filename: C:\buildslave\unity\build\artifacts/generated/common/runtime/DebugBindings.gen.cpp Line: 51)

Exception in GOG Galaxy: System.NullReferenceException: Object reference not set to an instance of an object
  at AchievementManager.AchievementUnlocked (AchievementId achievementId) [0x00000] in <filename unknown>:0 
 
(Filename: C:\buildslave\unity\build\artifacts/generated/common/runtime/DebugBindings.gen.cpp Line: 51)

Deleting previous save: QUICKSAVE_1669848579
 
(Filename: C:\buildslave\unity\build\artifacts/generated/common/runtime/DebugBindings.gen.cpp Line: 51)

Start: sector_xeno_4_1 1244 x -463 End: sector_xeno_6_0 544 x 542
 
(Filename: C:\buildslave\unity\build\artifacts/generated/common/runtime/DebugBindings.gen.cpp Line: 51)

Deleting previous save: QUICKSAVE_1669848683
 
(Filename: C:\buildslave\unity\build\artifacts/generated/common/runtime/DebugBindings.gen.cpp Line: 51)

Translation does not contain MISSIONS.HELP_GYROSCOPE_EXTRA
 
(Filename: C:\buildslave\unity\build\artifacts/generated/common/runtime/DebugBindings.gen.cpp Line: 51)

XenoNexus (MissionGraph) is complete
 
(Filename: C:\buildslave\unity\build\artifacts/generated/common/runtime/DebugBindings.gen.cpp Line: 51)

Translation does not contain MISSIONS.NEXUS_WHOA_EXTRA
 
(Filename: C:\buildslave\unity\build\artifacts/generated/common/runtime/DebugBindings.gen.cpp Line: 51)

Logging resources
 
(Filename: C:\buildslave\unity\build\artifacts/generated/common/runtime/DebugBindings.gen.cpp Line: 51)

Start: sector_xeno_6_0 1533 x 374 End: sector_xeno_7_2 -549 x -487
 
(Filename: C:\buildslave\unity\build\artifacts/generated/common/runtime/DebugBindings.gen.cpp Line: 51)

Opening convo with SAURID
 
(Filename: C:\buildslave\unity\build\artifacts/generated/common/runtime/DebugBindings.gen.cpp Line: 51)

Exception in GOG Galaxy: System.NullReferenceException: Object reference not set to an instance of an object
  at AchievementManager.AchievementUnlocked (AchievementId achievementId) [0x00000] in <filename unknown>:0 
 
(Filename: C:\buildslave\unity\build\artifacts/generated/common/runtime/DebugBindings.gen.cpp Line: 51)

Text was empty: SAURID_DEFAULT, 0
 
(Filename: C:\buildslave\unity\build\artifacts/generated/common/runtime/DebugBindings.gen.cpp Line: 51)

Start: sector_xeno_7_2 -39 x 112 End: sector_xeno_10_-1 72 x 1253
 
(Filename: C:\buildslave\unity\build\artifacts/generated/common/runtime/DebugBindings.gen.cpp Line: 51)

Deleting previous save: QUICKSAVE_1669849143
 
(Filename: C:\buildslave\unity\build\artifacts/generated/common/runtime/DebugBindings.gen.cpp Line: 51)

Adding news for NOTICES.STATIONNOTICES_11 : Ввиду ограниченности запасов кофе с этого момента будет стоить 2 продовольственных балла.
 
(Filename: C:\buildslave\unity\build\artifacts/generated/common/runtime/DebugBindings.gen.cpp Line: 51)

Sneaking off while player isn't looking
 
(Filename: C:\buildslave\unity\build\artifacts/generated/common/runtime/DebugBindings.gen.cpp Line: 51)

Start: sector_xeno_10_0 54 x -65 End: sector_xeno_14_3 -1609 x -1573
 
(Filename: C:\buildslave\unity\build\artifacts/generated/common/runtime/DebugBindings.gen.cpp Line: 51)

Replacing PersistentObject with another of same id: autoid::Dark Blue Background::453689384
 
(Filename: C:\buildslave\unity\build\artifacts/generated/common/runtime/DebugBindings.gen.cpp Line: 51)

Sneaking off while player isn't looking
 
(Filename: C:\buildslave\unity\build\artifacts/generated/common/runtime/DebugBindings.gen.cpp Line: 51)

Sneaking off while player isn't looking
 
(Filename: C:\buildslave\unity\build\artifacts/generated/common/runtime/DebugBindings.gen.cpp Line: 51)

Start: sector_xeno_14_3 -1183 x -746 End: sector_xeno_15_7 -340 x -667
 
(Filename: C:\buildslave\unity\build\artifacts/generated/common/runtime/DebugBindings.gen.cpp Line: 51)

Sneaking off while player isn't looking
 
(Filename: C:\buildslave\unity\build\artifacts/generated/common/runtime/DebugBindings.gen.cpp Line: 51)

Failed to remove autoid::Dark Blue Background::453689384
 
(Filename: C:\buildslave\unity\build\artifacts/generated/common/runtime/DebugBindings.gen.cpp Line: 51)

Deleting previous save: QUICKSAVE_1669849553
 
(Filename: C:\buildslave\unity\build\artifacts/generated/common/runtime/DebugBindings.gen.cpp Line: 51)

Adding news for NOTICES.STATIONNOTICES_14 : Научной лаборатории требуется оптическое оборудование. Просим тщательно проверить свои мусорные ящики и шкафы.
 
(Filename: C:\buildslave\unity\build\artifacts/generated/common/runtime/DebugBindings.gen.cpp Line: 51)

Start: sector_xeno_15_7 269 x -227 End: sector_xeno_0_0 690.7289 x 231.9394
 
(Filename: C:\buildslave\unity\build\artifacts/generated/common/runtime/DebugBindings.gen.cpp Line: 51)

Transition already in progress
 
(Filename: C:\buildslave\unity\build\artifacts/generated/common/runtime/DebugBindings.gen.cpp Line: 51)

Commander button attract mode: True
 
(Filename: C:\buildslave\unity\build\artifacts/generated/common/runtime/DebugBindings.gen.cpp Line: 51)

Opening convo with STATION
 
(Filename: C:\buildslave\unity\build\artifacts/generated/common/runtime/DebugBindings.gen.cpp Line: 51)

NexusGateway (NavigatorMission) is complete
 
(Filename: C:\buildslave\unity\build\artifacts/generated/common/runtime/DebugBindings.gen.cpp Line: 51)

Text was empty: STATION_DEFAULT, 0
 
(Filename: C:\buildslave\unity\build\artifacts/generated/common/runtime/DebugBindings.gen.cpp Line: 51)

Opening convo with RESEARCH
 
(Filename: C:\buildslave\unity\build\artifacts/generated/common/runtime/DebugBindings.gen.cpp Line: 51)

Text was empty: RESEARCH_DEFAULT, 0
 
(Filename: C:\buildslave\unity\build\artifacts/generated/common/runtime/DebugBindings.gen.cpp Line: 51)

Opening convo with SHIPYARD
 
(Filename: C:\buildslave\unity\build\artifacts/generated/common/runtime/DebugBindings.gen.cpp Line: 51)

Text was empty: SHIPYARD_DEFAULT, 0
 
(Filename: C:\buildslave\unity\build\artifacts/generated/common/runtime/DebugBindings.gen.cpp Line: 51)

Start: sector_xeno_0_0 676 x 236 End: sector_xeno_6_0 714.5121 x 518.2097
 
(Filename: C:\buildslave\unity\build\artifacts/generated/common/runtime/DebugBindings.gen.cpp Line: 51)

Transition already in progress
 
(Filename: C:\buildslave\unity\build\artifacts/generated/common/runtime/DebugBindings.gen.cpp Line: 51)

Deleting previous save: QUICKSAVE_1669850120
 
(Filename: C:\buildslave\unity\build\artifacts/generated/common/runtime/DebugBindings.gen.cpp Line: 51)

Current quality setting: 3
 
(Filename: C:\buildslave\unity\build\artifacts/generated/common/runtime/DebugBindings.gen.cpp Line: 51)

Current quality setting: 3
 
(Filename: C:\buildslave\unity\build\artifacts/generated/common/runtime/DebugBindings.gen.cpp Line: 51)

User wants to rebind FIRE_SECONDARY
 
(Filename: C:\buildslave\unity\build\artifacts/generated/common/runtime/DebugBindings.gen.cpp Line: 51)

Translation does not contain INPUT.KEY_A
 
(Filename: C:\buildslave\unity\build\artifacts/generated/common/runtime/DebugBindings.gen.cpp Line: 51)

Translation does not contain INPUT.KEY_D
 
(Filename: C:\buildslave\unity\build\artifacts/generated/common/runtime/DebugBindings.gen.cpp Line: 51)

Translation does not contain INPUT.KEY_W
 
(Filename: C:\buildslave\unity\build\artifacts/generated/common/runtime/DebugBindings.gen.cpp Line: 51)

Translation does not contain INPUT.KEY_S
 
(Filename: C:\buildslave\unity\build\artifacts/generated/common/runtime/DebugBindings.gen.cpp Line: 51)

Translation does not contain INPUT.KEY_X
 
(Filename: C:\buildslave\unity\build\artifacts/generated/common/runtime/DebugBindings.gen.cpp Line: 51)

Translation does not contain INPUT.KEY_NONE
 
(Filename: C:\buildslave\unity\build\artifacts/generated/common/runtime/DebugBindings.gen.cpp Line: 51)

Translation does not contain INPUT.KEY_C
 
(Filename: C:\buildslave\unity\build\artifacts/generated/common/runtime/DebugBindings.gen.cpp Line: 51)

Translation does not contain INPUT.KEY_NONE
 
(Filename: C:\buildslave\unity\build\artifacts/generated/common/runtime/DebugBindings.gen.cpp Line: 51)

Translation does not contain INPUT.KEY_SPACE
 
(Filename: C:\buildslave\unity\build\artifacts/generated/common/runtime/DebugBindings.gen.cpp Line: 51)

Translation does not contain INPUT.KEY_NONE
 
(Filename: C:\buildslave\unity\build\artifacts/generated/common/runtime/DebugBindings.gen.cpp Line: 51)

Translation does not contain INPUT.KEY_R
 
(Filename: C:\buildslave\unity\build\artifacts/generated/common/runtime/DebugBindings.gen.cpp Line: 51)

Translation does not contain INPUT.KEY_NONE
 
(Filename: C:\buildslave\unity\build\artifacts/generated/common/runtime/DebugBindings.gen.cpp Line: 51)

Translation does not contain INPUT.KEY_Q
 
(Filename: C:\buildslave\unity\build\artifacts/generated/common/runtime/DebugBindings.gen.cpp Line: 51)

Translation does not contain INPUT.KEY_NONE
 
(Filename: C:\buildslave\unity\build\artifacts/generated/common/runtime/DebugBindings.gen.cpp Line: 51)

Translation does not contain INPUT.KEY_Z
 
(Filename: C:\buildslave\unity\build\artifacts/generated/common/runtime/DebugBindings.gen.cpp Line: 51)

Translation does not contain INPUT.KEY_T
 
(Filename: C:\buildslave\unity\build\artifacts/generated/common/runtime/DebugBindings.gen.cpp Line: 51)

Translation does not contain INPUT.KEY_E
 
(Filename: C:\buildslave\unity\build\artifacts/generated/common/runtime/DebugBindings.gen.cpp Line: 51)

Translation does not contain INPUT.KEY_NONE
 
(Filename: C:\buildslave\unity\build\artifacts/generated/common/runtime/DebugBindings.gen.cpp Line: 51)

Translation does not contain INPUT.KEY_F
 
(Filename: C:\buildslave\unity\build\artifacts/generated/common/runtime/DebugBindings.gen.cpp Line: 51)

Translation does not contain INPUT.KEY_NONE
 
(Filename: C:\buildslave\unity\build\artifacts/generated/common/runtime/DebugBindings.gen.cpp Line: 51)

Translation does not contain INPUT.KEY_TAB
 
(Filename: C:\buildslave\unity\build\artifacts/generated/common/runtime/DebugBindings.gen.cpp Line: 51)

Translation does not contain INPUT.KEY_M
 
(Filename: C:\buildslave\unity\build\artifacts/generated/common/runtime/DebugBindings.gen.cpp Line: 51)

Translation does not contain INPUT.KEY_NONE
 
(Filename: C:\buildslave\unity\build\artifacts/generated/common/runtime/DebugBindings.gen.cpp Line: 51)

Translation does not contain INPUT.KEY_NONE
 
(Filename: C:\buildslave\unity\build\artifacts/generated/common/runtime/DebugBindings.gen.cpp Line: 51)

Translation does not contain INPUT.KEY_NONE
 
(Filename: C:\buildslave\unity\build\artifacts/generated/common/runtime/DebugBindings.gen.cpp Line: 51)

Translation does not contain INPUT.KEY_F1
 
(Filename: C:\buildslave\unity\build\artifacts/generated/common/runtime/DebugBindings.gen.cpp Line: 51)

Translation does not contain INPUT.KEY_NONE
 
(Filename: C:\buildslave\unity\build\artifacts/generated/common/runtime/DebugBindings.gen.cpp Line: 51)

Translation does not contain INPUT.KEY_F5
 
(Filename: C:\buildslave\unity\build\artifacts/generated/common/runtime/DebugBindings.gen.cpp Line: 51)

Translation does not contain INPUT.KEY_NONE
 
(Filename: C:\buildslave\unity\build\artifacts/generated/common/runtime/DebugBindings.gen.cpp Line: 51)

Translation does not contain INPUT.KEY_F7
 
(Filename: C:\buildslave\unity\build\artifacts/generated/common/runtime/DebugBindings.gen.cpp Line: 51)

Translation does not contain INPUT.KEY_NONE
 
(Filename: C:\buildslave\unity\build\artifacts/generated/common/runtime/DebugBindings.gen.cpp Line: 51)

Translation does not contain INPUT.KEY_A
 
(Filename: C:\buildslave\unity\build\artifacts/generated/common/runtime/DebugBindings.gen.cpp Line: 51)

Translation does not contain INPUT.KEY_D
 
(Filename: C:\buildslave\unity\build\artifacts/generated/common/runtime/DebugBindings.gen.cpp Line: 51)

Translation does not contain INPUT.KEY_W
 
(Filename: C:\buildslave\unity\build\artifacts/generated/common/runtime/DebugBindings.gen.cpp Line: 51)

Translation does not contain INPUT.KEY_S
 
(Filename: C:\buildslave\unity\build\artifacts/generated/common/runtime/DebugBindings.gen.cpp Line: 51)

Translation does not contain INPUT.KEY_X
 
(Filename: C:\buildslave\unity\build\artifacts/generated/common/runtime/DebugBindings.gen.cpp Line: 51)

Translation does not contain INPUT.KEY_NONE
 
(Filename: C:\buildslave\unity\build\artifacts/generated/common/runtime/DebugBindings.gen.cpp Line: 51)

Translation does not contain INPUT.KEY_C
 
(Filename: C:\buildslave\unity\build\artifacts/generated/common/runtime/DebugBindings.gen.cpp Line: 51)

Translation does not contain INPUT.KEY_NONE
 
(Filename: C:\buildslave\unity\build\artifacts/generated/common/runtime/DebugBindings.gen.cpp Line: 51)

Translation does not contain INPUT.KEY_SPACE
 
(Filename: C:\buildslave\unity\build\artifacts/generated/common/runtime/DebugBindings.gen.cpp Line: 51)

Translation does not contain INPUT.KEY_R
 
(Filename: C:\buildslave\unity\build\artifacts/generated/common/runtime/DebugBindings.gen.cpp Line: 51)

Translation does not contain INPUT.KEY_NONE
 
(Filename: C:\buildslave\unity\build\artifacts/generated/common/runtime/DebugBindings.gen.cpp Line: 51)

Translation does not contain INPUT.KEY_NONE
 
(Filename: C:\buildslave\unity\build\artifacts/generated/common/runtime/DebugBindings.gen.cpp Line: 51)

Translation does not contain INPUT.KEY_Q
 
(Filename: C:\buildslave\unity\build\artifacts/generated/common/runtime/DebugBindings.gen.cpp Line: 51)

Translation does not contain INPUT.KEY_NONE
 
(Filename: C:\buildslave\unity\build\artifacts/generated/common/runtime/DebugBindings.gen.cpp Line: 51)

Translation does not contain INPUT.KEY_Z
 
(Filename: C:\buildslave\unity\build\artifacts/generated/common/runtime/DebugBindings.gen.cpp Line: 51)

Translation does not contain INPUT.KEY_T
 
(Filename: C:\buildslave\unity\build\artifacts/generated/common/runtime/DebugBindings.gen.cpp Line: 51)

Translation does not contain INPUT.KEY_E
 
(Filename: C:\buildslave\unity\build\artifacts/generated/common/runtime/DebugBindings.gen.cpp Line: 51)

Translation does not contain INPUT.KEY_NONE
 
(Filename: C:\buildslave\unity\build\artifacts/generated/common/runtime/DebugBindings.gen.cpp Line: 51)

Translation does not contain INPUT.KEY_F
 
(Filename: C:\buildslave\unity\build\artifacts/generated/common/runtime/DebugBindings.gen.cpp Line: 51)

Translation does not contain INPUT.KEY_NONE
 
(Filename: C:\buildslave\unity\build\artifacts/generated/common/runtime/DebugBindings.gen.cpp Line: 51)

Translation does not contain INPUT.KEY_TAB
 
(Filename: C:\buildslave\unity\build\artifacts/generated/common/runtime/DebugBindings.gen.cpp Line: 51)

Translation does not contain INPUT.KEY_M
 
(Filename: C:\buildslave\unity\build\artifacts/generated/common/runtime/DebugBindings.gen.cpp Line: 51)

Translation does not contain INPUT.KEY_NONE
 
(Filename: C:\buildslave\unity\build\artifacts/generated/common/runtime/DebugBindings.gen.cpp Line: 51)

Translation does not contain INPUT.KEY_NONE
 
(Filename: C:\buildslave\unity\build\artifacts/generated/common/runtime/DebugBindings.gen.cpp Line: 51)

Translation does not contain INPUT.KEY_NONE
 
(Filename: C:\buildslave\unity\build\artifacts/generated/common/runtime/DebugBindings.gen.cpp Line: 51)

Translation does not contain INPUT.KEY_F1
 
(Filename: C:\buildslave\unity\build\artifacts/generated/common/runtime/DebugBindings.gen.cpp Line: 51)

Translation does not contain INPUT.KEY_NONE
 
(Filename: C:\buildslave\unity\build\artifacts/generated/common/runtime/DebugBindings.gen.cpp Line: 51)

Translation does not contain INPUT.KEY_F5
 
(Filename: C:\buildslave\unity\build\artifacts/generated/common/runtime/DebugBindings.gen.cpp Line: 51)

Translation does not contain INPUT.KEY_NONE
 
(Filename: C:\buildslave\unity\build\artifacts/generated/common/runtime/DebugBindings.gen.cpp Line: 51)

Translation does not contain INPUT.KEY_F7
 
(Filename: C:\buildslave\unity\build\artifacts/generated/common/runtime/DebugBindings.gen.cpp Line: 51)

Translation does not contain INPUT.KEY_NONE
 
(Filename: C:\buildslave\unity\build\artifacts/generated/common/runtime/DebugBindings.gen.cpp Line: 51)

User wants to rebind CYCLE_SECONDARY
 
(Filename: C:\buildslave\unity\build\artifacts/generated/common/runtime/DebugBindings.gen.cpp Line: 51)

Translation does not contain INPUT.KEY_A
 
(Filename: C:\buildslave\unity\build\artifacts/generated/common/runtime/DebugBindings.gen.cpp Line: 51)

Translation does not contain INPUT.KEY_D
 
(Filename: C:\buildslave\unity\build\artifacts/generated/common/runtime/DebugBindings.gen.cpp Line: 51)

Translation does not contain INPUT.KEY_W
 
(Filename: C:\buildslave\unity\build\artifacts/generated/common/runtime/DebugBindings.gen.cpp Line: 51)

Translation does not contain INPUT.KEY_S
 
(Filename: C:\buildslave\unity\build\artifacts/generated/common/runtime/DebugBindings.gen.cpp Line: 51)

Translation does not contain INPUT.KEY_X
 
(Filename: C:\buildslave\unity\build\artifacts/generated/common/runtime/DebugBindings.gen.cpp Line: 51)

Translation does not contain INPUT.KEY_NONE
 
(Filename: C:\buildslave\unity\build\artifacts/generated/common/runtime/DebugBindings.gen.cpp Line: 51)

Translation does not contain INPUT.KEY_C
 
(Filename: C:\buildslave\unity\build\artifacts/generated/common/runtime/DebugBindings.gen.cpp Line: 51)

Translation does not contain INPUT.KEY_NONE
 
(Filename: C:\buildslave\unity\build\artifacts/generated/common/runtime/DebugBindings.gen.cpp Line: 51)

Translation does not contain INPUT.KEY_SPACE
 
(Filename: C:\buildslave\unity\build\artifacts/generated/common/runtime/DebugBindings.gen.cpp Line: 51)

Translation does not contain INPUT.KEY_R
 
(Filename: C:\buildslave\unity\build\artifacts/generated/common/runtime/DebugBindings.gen.cpp Line: 51)

Translation does not contain INPUT.KEY_NONE
 
(Filename: C:\buildslave\unity\build\artifacts/generated/common/runtime/DebugBindings.gen.cpp Line: 51)

Translation does not contain INPUT.KEY_NONE
 
(Filename: C:\buildslave\unity\build\artifacts/generated/common/runtime/DebugBindings.gen.cpp Line: 51)

Translation does not contain INPUT.KEY_Q
 
(Filename: C:\buildslave\unity\build\artifacts/generated/common/runtime/DebugBindings.gen.cpp Line: 51)

Translation does not contain INPUT.KEY_NONE
 
(Filename: C:\buildslave\unity\build\artifacts/generated/common/runtime/DebugBindings.gen.cpp Line: 51)

Translation does not contain INPUT.KEY_Z
 
(Filename: C:\buildslave\unity\build\artifacts/generated/common/runtime/DebugBindings.gen.cpp Line: 51)

Translation does not contain INPUT.KEY_T
 
(Filename: C:\buildslave\unity\build\artifacts/generated/common/runtime/DebugBindings.gen.cpp Line: 51)

Translation does not contain INPUT.KEY_E
 
(Filename: C:\buildslave\unity\build\artifacts/generated/common/runtime/DebugBindings.gen.cpp Line: 51)

Translation does not contain INPUT.KEY_NONE
 
(Filename: C:\buildslave\unity\build\artifacts/generated/common/runtime/DebugBindings.gen.cpp Line: 51)

Translation does not contain INPUT.KEY_F
 
(Filename: C:\buildslave\unity\build\artifacts/generated/common/runtime/DebugBindings.gen.cpp Line: 51)

Translation does not contain INPUT.KEY_NONE
 
(Filename: C:\buildslave\unity\build\artifacts/generated/common/runtime/DebugBindings.gen.cpp Line: 51)

Translation does not contain INPUT.KEY_TAB
 
(Filename: C:\buildslave\unity\build\artifacts/generated/common/runtime/DebugBindings.gen.cpp Line: 51)

Translation does not contain INPUT.KEY_M
 
(Filename: C:\buildslave\unity\build\artifacts/generated/common/runtime/DebugBindings.gen.cpp Line: 51)

Translation does not contain INPUT.KEY_NONE
 
(Filename: C:\buildslave\unity\build\artifacts/generated/common/runtime/DebugBindings.gen.cpp Line: 51)

Translation does not contain INPUT.KEY_NONE
 
(Filename: C:\buildslave\unity\build\artifacts/generated/common/runtime/DebugBindings.gen.cpp Line: 51)

Translation does not contain INPUT.KEY_NONE
 
(Filename: C:\buildslave\unity\build\artifacts/generated/common/runtime/DebugBindings.gen.cpp Line: 51)

Translation does not contain INPUT.KEY_F1
 
(Filename: C:\buildslave\unity\build\artifacts/generated/common/runtime/DebugBindings.gen.cpp Line: 51)

Translation does not contain INPUT.KEY_NONE
 
(Filename: C:\buildslave\unity\build\artifacts/generated/common/runtime/DebugBindings.gen.cpp Line: 51)

Translation does not contain INPUT.KEY_F5
 
(Filename: C:\buildslave\unity\build\artifacts/generated/common/runtime/DebugBindings.gen.cpp Line: 51)

Translation does not contain INPUT.KEY_NONE
 
(Filename: C:\buildslave\unity\build\artifacts/generated/common/runtime/DebugBindings.gen.cpp Line: 51)

Translation does not contain INPUT.KEY_F7
 
(Filename: C:\buildslave\unity\build\artifacts/generated/common/runtime/DebugBindings.gen.cpp Line: 51)

Translation does not contain INPUT.KEY_NONE
 
(Filename: C:\buildslave\unity\build\artifacts/generated/common/runtime/DebugBindings.gen.cpp Line: 51)

Translation does not contain INPUT.KEY_A
 
(Filename: C:\buildslave\unity\build\artifacts/generated/common/runtime/DebugBindings.gen.cpp Line: 51)

Translation does not contain INPUT.KEY_D
 
(Filename: C:\buildslave\unity\build\artifacts/generated/common/runtime/DebugBindings.gen.cpp Line: 51)

Translation does not contain INPUT.KEY_W
 
(Filename: C:\buildslave\unity\build\artifacts/generated/common/runtime/DebugBindings.gen.cpp Line: 51)

Translation does not contain INPUT.KEY_S
 
(Filename: C:\buildslave\unity\build\artifacts/generated/common/runtime/DebugBindings.gen.cpp Line: 51)

Translation does not contain INPUT.KEY_X
 
(Filename: C:\buildslave\unity\build\artifacts/generated/common/runtime/DebugBindings.gen.cpp Line: 51)

Translation does not contain INPUT.KEY_NONE
 
(Filename: C:\buildslave\unity\build\artifacts/generated/common/runtime/DebugBindings.gen.cpp Line: 51)

Translation does not contain INPUT.KEY_C
 
(Filename: C:\buildslave\unity\build\artifacts/generated/common/runtime/DebugBindings.gen.cpp Line: 51)

Translation does not contain INPUT.KEY_NONE
 
(Filename: C:\buildslave\unity\build\artifacts/generated/common/runtime/DebugBindings.gen.cpp Line: 51)

Translation does not contain INPUT.KEY_SPACE
 
(Filename: C:\buildslave\unity\build\artifacts/generated/common/runtime/DebugBindings.gen.cpp Line: 51)

Translation does not contain INPUT.KEY_NONE
 
(Filename: C:\buildslave\unity\build\artifacts/generated/common/runtime/DebugBindings.gen.cpp Line: 51)

Translation does not contain INPUT.KEY_R
 
(Filename: C:\buildslave\unity\build\artifacts/generated/common/runtime/DebugBindings.gen.cpp Line: 51)

Translation does not contain INPUT.KEY_NONE
 
(Filename: C:\buildslave\unity\build\artifacts/generated/common/runtime/DebugBindings.gen.cpp Line: 51)

Translation does not contain INPUT.KEY_Q
 
(Filename: C:\buildslave\unity\build\artifacts/generated/common/runtime/DebugBindings.gen.cpp Line: 51)

Translation does not contain INPUT.KEY_NONE
 
(Filename: C:\buildslave\unity\build\artifacts/generated/common/runtime/DebugBindings.gen.cpp Line: 51)

Translation does not contain INPUT.KEY_Z
 
(Filename: C:\buildslave\unity\build\artifacts/generated/common/runtime/DebugBindings.gen.cpp Line: 51)

Translation does not contain INPUT.KEY_T
 
(Filename: C:\buildslave\unity\build\artifacts/generated/common/runtime/DebugBindings.gen.cpp Line: 51)

Translation does not contain INPUT.KEY_E
 
(Filename: C:\buildslave\unity\build\artifacts/generated/common/runtime/DebugBindings.gen.cpp Line: 51)

Translation does not contain INPUT.KEY_NONE
 
(Filename: C:\buildslave\unity\build\artifacts/generated/common/runtime/DebugBindings.gen.cpp Line: 51)

Translation does not contain INPUT.KEY_F
 
(Filename: C:\buildslave\unity\build\artifacts/generated/common/runtime/DebugBindings.gen.cpp Line: 51)

Translation does not contain INPUT.KEY_NONE
 
(Filename: C:\buildslave\unity\build\artifacts/generated/common/runtime/DebugBindings.gen.cpp Line: 51)

Translation does not contain INPUT.KEY_TAB
 
(Filename: C:\buildslave\unity\build\artifacts/generated/common/runtime/DebugBindings.gen.cpp Line: 51)

Translation does not contain INPUT.KEY_M
 
(Filename: C:\buildslave\unity\build\artifacts/generated/common/runtime/DebugBindings.gen.cpp Line: 51)

Translation does not contain INPUT.KEY_NONE
 
(Filename: C:\buildslave\unity\build\artifacts/generated/common/runtime/DebugBindings.gen.cpp Line: 51)

Translation does not contain INPUT.KEY_NONE
 
(Filename: C:\buildslave\unity\build\artifacts/generated/common/runtime/DebugBindings.gen.cpp Line: 51)

Translation does not contain INPUT.KEY_NONE
 
(Filename: C:\buildslave\unity\build\artifacts/generated/common/runtime/DebugBindings.gen.cpp Line: 51)

Translation does not contain INPUT.KEY_F1
 
(Filename: C:\buildslave\unity\build\artifacts/generated/common/runtime/DebugBindings.gen.cpp Line: 51)

Translation does not contain INPUT.KEY_NONE
 
(Filename: C:\buildslave\unity\build\artifacts/generated/common/runtime/DebugBindings.gen.cpp Line: 51)

Translation does not contain INPUT.KEY_F5
 
(Filename: C:\buildslave\unity\build\artifacts/generated/common/runtime/DebugBindings.gen.cpp Line: 51)

Translation does not contain INPUT.KEY_NONE
 
(Filename: C:\buildslave\unity\build\artifacts/generated/common/runtime/DebugBindings.gen.cpp Line: 51)

Translation does not contain INPUT.KEY_F7
 
(Filename: C:\buildslave\unity\build\artifacts/generated/common/runtime/DebugBindings.gen.cpp Line: 51)

Translation does not contain INPUT.KEY_NONE
 
(Filename: C:\buildslave\unity\build\artifacts/generated/common/runtime/DebugBindings.gen.cpp Line: 51)

Returning game to MODAL_DIALOG
 
(Filename: C:\buildslave\unity\build\artifacts/generated/common/runtime/DebugBindings.gen.cpp Line: 51)

Start: sector_xeno_6_0 1533 x 374 End: sector_xeno_7_2 -549 x -487
 
(Filename: C:\buildslave\unity\build\artifacts/generated/common/runtime/DebugBindings.gen.cpp Line: 51)

Dropping Discovery Drop Garbage 2(Clone) (DiscoveryDrop)
 
(Filename: C:\buildslave\unity\build\artifacts/generated/common/runtime/DebugBindings.gen.cpp Line: 51)

Replacing PersistentObject with another of same id: autoid::Dark Blue Background::453689384
 
(Filename: C:\buildslave\unity\build\artifacts/generated/common/runtime/DebugBindings.gen.cpp Line: 51)

Terran Planet Arid 2 (Orbit) orbitted object not found: Yellow Star::sector_beta_0_0::731940164
 
(Filename: C:\buildslave\unity\build\artifacts/generated/common/runtime/DebugBindings.gen.cpp Line: 51)

Sneaking off while player isn't looking
 
(Filename: C:\buildslave\unity\build\artifacts/generated/common/runtime/DebugBindings.gen.cpp Line: 51)

Sneaking off while player isn't looking
 
(Filename: C:\buildslave\unity\build\artifacts/generated/common/runtime/DebugBindings.gen.cpp Line: 51)

Sneaking off while player isn't looking
 
(Filename: C:\buildslave\unity\build\artifacts/generated/common/runtime/DebugBindings.gen.cpp Line: 51)

Sneaking off while player isn't looking
 
(Filename: C:\buildslave\unity\build\artifacts/generated/common/runtime/DebugBindings.gen.cpp Line: 51)

Sneaking off while player isn't looking
 
(Filename: C:\buildslave\unity\build\artifacts/generated/common/runtime/DebugBindings.gen.cpp Line: 51)

Achievement: SURVEY_1
 
(Filename: C:\buildslave\unity\build\artifacts/generated/common/runtime/DebugBindings.gen.cpp Line: 51)

Exception in GOG Galaxy: System.NullReferenceException: Object reference not set to an instance of an object
  at AchievementManager.AchievementUnlocked (AchievementId achievementId) [0x00000] in <filename unknown>:0 
 
(Filename: C:\buildslave\unity\build\artifacts/generated/common/runtime/DebugBindings.gen.cpp Line: 51)

Sneaking off while player isn't looking
 
(Filename: C:\buildslave\unity\build\artifacts/generated/common/runtime/DebugBindings.gen.cpp Line: 51)

Sneaking off while player isn't looking
 
(Filename: C:\buildslave\unity\build\artifacts/generated/common/runtime/DebugBindings.gen.cpp Line: 51)

Failed to remove autoid::Dark Blue Background::453689384
 
(Filename: C:\buildslave\unity\build\artifacts/generated/common/runtime/DebugBindings.gen.cpp Line: 51)

Replacing PersistentObject with another of same id: autoid::Dark Blue Background::453689384
 
(Filename: C:\buildslave\unity\build\artifacts/generated/common/runtime/DebugBindings.gen.cpp Line: 51)

Sneaking off while player isn't looking
 
(Filename: C:\buildslave\unity\build\artifacts/generated/common/runtime/DebugBindings.gen.cpp Line: 51)

Opening convo with SAURID
 
(Filename: C:\buildslave\unity\build\artifacts/generated/common/runtime/DebugBindings.gen.cpp Line: 51)

Text was empty: SAURID_DEFAULT, 0
 
(Filename: C:\buildslave\unity\build\artifacts/generated/common/runtime/DebugBindings.gen.cpp Line: 51)

WarpFailure (MissionGraph) is complete
 
(Filename: C:\buildslave\unity\build\artifacts/generated/common/runtime/DebugBindings.gen.cpp Line: 51)

Sneaking off while player isn't looking
 
(Filename: C:\buildslave\unity\build\artifacts/generated/common/runtime/DebugBindings.gen.cpp Line: 51)

Sneaking off while player isn't looking
 
(Filename: C:\buildslave\unity\build\artifacts/generated/common/runtime/DebugBindings.gen.cpp Line: 51)

Sneaking off while player isn't looking
 
(Filename: C:\buildslave\unity\build\artifacts/generated/common/runtime/DebugBindings.gen.cpp Line: 51)

Start: sector_xeno_14_3 -1609 x -1573 End: sector_xeno_10_0 54 x -65
 
(Filename: C:\buildslave\unity\build\artifacts/generated/common/runtime/DebugBindings.gen.cpp Line: 51)

Failed to remove autoid::Dark Blue Background::453689384
 
(Filename: C:\buildslave\unity\build\artifacts/generated/common/runtime/DebugBindings.gen.cpp Line: 51)

Start: sector_xeno_10_-1 597 x 1491 End: sector_xeno_0_0 667.3923 x 242.6895
 
(Filename: C:\buildslave\unity\build\artifacts/generated/common/runtime/DebugBindings.gen.cpp Line: 51)

Transition already in progress
 
(Filename: C:\buildslave\unity\build\artifacts/generated/common/runtime/DebugBindings.gen.cpp Line: 51)

Deleting previous save: QUICKSAVE_1669852101
 
(Filename: C:\buildslave\unity\build\artifacts/generated/common/runtime/DebugBindings.gen.cpp Line: 51)

Commander button attract mode: True
 
(Filename: C:\buildslave\unity\build\artifacts/generated/common/runtime/DebugBindings.gen.cpp Line: 51)

Opening convo with STATION
 
(Filename: C:\buildslave\unity\build\artifacts/generated/common/runtime/DebugBindings.gen.cpp Line: 51)

SauridFirstContact (MissionGraph) is complete
 
(Filename: C:\buildslave\unity\build\artifacts/generated/common/runtime/DebugBindings.gen.cpp Line: 51)

Text was empty: STATION_DEFAULT, 0
 
(Filename: C:\buildslave\unity\build\artifacts/generated/common/runtime/DebugBindings.gen.cpp Line: 51)

Translation does not contain BLUEPRINTS.COVAN5_NAME
 
(Filename: C:\buildslave\unity\build\artifacts/generated/common/runtime/DebugBindings.gen.cpp Line: 51)

Translation does not contain BLUEPRINTS.COVAN5_NAME
 
(Filename: C:\buildslave\unity\build\artifacts/generated/common/runtime/DebugBindings.gen.cpp Line: 51)

Start: sector_xeno_0_0 676 x 236 End: sector_xeno_10_-1 578.8459 x 1486.296
 
(Filename: C:\buildslave\unity\build\artifacts/generated/common/runtime/DebugBindings.gen.cpp Line: 51)

Transition already in progress
 
(Filename: C:\buildslave\unity\build\artifacts/generated/common/runtime/DebugBindings.gen.cpp Line: 51)

Deleting previous save: QUICKSAVE_1669852402
 
(Filename: C:\buildslave\unity\build\artifacts/generated/common/runtime/DebugBindings.gen.cpp Line: 51)

Start: sector_xeno_10_-1 648 x 528 End: sector_xeno_12_-2 -853.0001 x 538
 
(Filename: C:\buildslave\unity\build\artifacts/generated/common/runtime/DebugBindings.gen.cpp Line: 51)

Adding news for NOTICES.REPUTATION_6 : Из-за высокого спроса персонал станции, желающий перевестись на корабль «The Covans», должен иметь как минимум одну рекомендацию с момента попадания в разлом.
 
(Filename: C:\buildslave\unity\build\artifacts/generated/common/runtime/DebugBindings.gen.cpp Line: 51)

Start: sector_xeno_12_-2 132 x 44 End: sector_xeno_13_-4 450 x 260
 
(Filename: C:\buildslave\unity\build\artifacts/generated/common/runtime/DebugBindings.gen.cpp Line: 51)

Deleting previous save: QUICKSAVE_1669852570
 
(Filename: C:\buildslave\unity\build\artifacts/generated/common/runtime/DebugBindings.gen.cpp Line: 51)

Calling Unlock on Nexus Gateway (WarpNexus)
 
(Filename: C:\buildslave\unity\build\artifacts/generated/common/runtime/DebugBindings.gen.cpp Line: 51)

Sneaking off while player isn't looking
 
(Filename: C:\buildslave\unity\build\artifacts/generated/common/runtime/DebugBindings.gen.cpp Line: 51)

Sneaking off while player isn't looking
 
(Filename: C:\buildslave\unity\build\artifacts/generated/common/runtime/DebugBindings.gen.cpp Line: 51)

Sneaking off while player isn't looking
 
(Filename: C:\buildslave\unity\build\artifacts/generated/common/runtime/DebugBindings.gen.cpp Line: 51)

Activating HintDarkFlow (MissionGraph)
 
(Filename: C:\buildslave\unity\build\artifacts/generated/common/runtime/DebugBindings.gen.cpp Line: 51)

Spawned Dark Flow (PersistentLocation) at sector_xeno_19_-17 -1897.534 x -611.3616 with id DARK_FLOW
 
(Filename: C:\buildslave\unity\build\artifacts/generated/common/runtime/DebugBindings.gen.cpp Line: 51)

Registered DARK_FLOW
 
(Filename: C:\buildslave\unity\build\artifacts/generated/common/runtime/DebugBindings.gen.cpp Line: 51)

Adding news for NOTICES.STATIONNOTICES_15 : У отдела снабжения закончился кофе.
 
(Filename: C:\buildslave\unity\build\artifacts/generated/common/runtime/DebugBindings.gen.cpp Line: 51)

Opening convo with ULOOQUO
 
(Filename: C:\buildslave\unity\build\artifacts/generated/common/runtime/DebugBindings.gen.cpp Line: 51)

Text was empty: ULOOQUO_DEFAULT, 0
 
(Filename: C:\buildslave\unity\build\artifacts/generated/common/runtime/DebugBindings.gen.cpp Line: 51)

No partner 'ULOOQUO::sector_xeno_13_-4' creating new
 
(Filename: C:\buildslave\unity\build\artifacts/generated/common/runtime/DebugBindings.gen.cpp Line: 51)

Exception in GOG Galaxy: System.NullReferenceException: Object reference not set to an instance of an object
  at AchievementManager.AchievementUnlocked (AchievementId achievementId) [0x00000] in <filename unknown>:0 
 
(Filename: C:\buildslave\unity\build\artifacts/generated/common/runtime/DebugBindings.gen.cpp Line: 51)

Exception in GOG Galaxy: System.NullReferenceException: Object reference not set to an instance of an object
  at AchievementManager.AchievementUnlocked (AchievementId achievementId) [0x00000] in <filename unknown>:0 
 
(Filename: C:\buildslave\unity\build\artifacts/generated/common/runtime/DebugBindings.gen.cpp Line: 51)

Exception in GOG Galaxy: System.NullReferenceException: Object reference not set to an instance of an object
  at AchievementManager.AchievementUnlocked (AchievementId achievementId) [0x00000] in <filename unknown>:0 
 
(Filename: C:\buildslave\unity\build\artifacts/generated/common/runtime/DebugBindings.gen.cpp Line: 51)

Neutronium Chunk (SmoothRemove) did not have an OnRemoveComplete action
 
(Filename: C:\buildslave\unity\build\artifacts/generated/common/runtime/DebugBindings.gen.cpp Line: 51)

Sneaking off while player isn't looking
 
(Filename: C:\buildslave\unity\build\artifacts/generated/common/runtime/DebugBindings.gen.cpp Line: 51)

CometProbe (MissionGraph) is complete
 
(Filename: C:\buildslave\unity\build\artifacts/generated/common/runtime/DebugBindings.gen.cpp Line: 51)

Start: sector_xeno_13_-4 1425.6 x -41.29999 End: sector_xeno_0_0 646.5453 x 221.9793
 
(Filename: C:\buildslave\unity\build\artifacts/generated/common/runtime/DebugBindings.gen.cpp Line: 51)

Transition already in progress
 
(Filename: C:\buildslave\unity\build\artifacts/generated/common/runtime/DebugBindings.gen.cpp Line: 51)

Deleting previous save: QUICKSAVE_1669853565
 
(Filename: C:\buildslave\unity\build\artifacts/generated/common/runtime/DebugBindings.gen.cpp Line: 51)

UlooquoFirstContact (MissionGraph) is complete
 
(Filename: C:\buildslave\unity\build\artifacts/generated/common/runtime/DebugBindings.gen.cpp Line: 51)

Commander button attract mode: False
 
(Filename: C:\buildslave\unity\build\artifacts/generated/common/runtime/DebugBindings.gen.cpp Line: 51)

Opening convo with SHIPYARD
 
(Filename: C:\buildslave\unity\build\artifacts/generated/common/runtime/DebugBindings.gen.cpp Line: 51)

Opening convo with SHIPYARD
 
(Filename: C:\buildslave\unity\build\artifacts/generated/common/runtime/DebugBindings.gen.cpp Line: 51)

SingingStar (MissionGraph) is complete
 
(Filename: C:\buildslave\unity\build\artifacts/generated/common/runtime/DebugBindings.gen.cpp Line: 51)

Replacing PersistentObject with another of same id: autoid::Midnight Background::287118289
 
(Filename: C:\buildslave\unity\build\artifacts/generated/common/runtime/DebugBindings.gen.cpp Line: 51)

Opening convo with PHAGE
 
(Filename: C:\buildslave\unity\build\artifacts/generated/common/runtime/DebugBindings.gen.cpp Line: 51)

Opening convo with PHAGE
 
(Filename: C:\buildslave\unity\build\artifacts/generated/common/runtime/DebugBindings.gen.cpp Line: 51)

Duplicate map icon in lookup: autoid::Lumae Radiant::403916039 while load sector_yota_75_75
 
(Filename: C:\buildslave\unity\build\artifacts/generated/common/runtime/DebugBindings.gen.cpp Line: 51)

Close complete
 
(Filename: C:\buildslave\unity\build\artifacts/generated/common/runtime/DebugBindings.gen.cpp Line: 51)

SingingStar (MissionGraph) is complete
 
(Filename: C:\buildslave\unity\build\artifacts/generated/common/runtime/DebugBindings.gen.cpp Line: 51)

Deleting previous save: QUICKSAVE_1669855275
 
(Filename: C:\buildslave\unity\build\artifacts/generated/common/runtime/DebugBindings.gen.cpp Line: 51)

Deleting previous save: QUICKSAVE_1669855336
 
(Filename: C:\buildslave\unity\build\artifacts/generated/common/runtime/DebugBindings.gen.cpp Line: 51)

Replacing PersistentObject with another of same id: autoid::Midnight Background::287118289
 
(Filename: C:\buildslave\unity\build\artifacts/generated/common/runtime/DebugBindings.gen.cpp Line: 51)

Opening convo with PHAGE
 
(Filename: C:\buildslave\unity\build\artifacts/generated/common/runtime/DebugBindings.gen.cpp Line: 51)

Calling Activate on Mass Driver 1 (MassDriver)
 
(Filename: C:\buildslave\unity\build\artifacts/generated/common/runtime/DebugBindings.gen.cpp Line: 51)

Calling Activate on Mass Driver 2 (MassDriver)
 
(Filename: C:\buildslave\unity\build\artifacts/generated/common/runtime/DebugBindings.gen.cpp Line: 51)

Calling Activate on Mass Driver 1 (MassDriver)
 
(Filename: C:\buildslave\unity\build\artifacts/generated/common/runtime/DebugBindings.gen.cpp Line: 51)

Duplicate map icon in lookup: autoid::Lumae Radiant::403916039 while load sector_yota_75_75
 
(Filename: C:\buildslave\unity\build\artifacts/generated/common/runtime/DebugBindings.gen.cpp Line: 51)

Close complete
 
(Filename: C:\buildslave\unity\build\artifacts/generated/common/runtime/DebugBindings.gen.cpp Line: 51)

Calling Activate on Mass Driver 1 (MassDriver)
 
(Filename: C:\buildslave\unity\build\artifacts/generated/common/runtime/DebugBindings.gen.cpp Line: 51)

Calling Activate on Mass Driver 2 (MassDriver)
 
(Filename: C:\buildslave\unity\build\artifacts/generated/common/runtime/DebugBindings.gen.cpp Line: 51)

Calling Activate on Mass Driver 1 (MassDriver)
 
(Filename: C:\buildslave\unity\build\artifacts/generated/common/runtime/DebugBindings.gen.cpp Line: 51)

Calling Activate on Mass Driver 2 (MassDriver)
 
(Filename: C:\buildslave\unity\build\artifacts/generated/common/runtime/DebugBindings.gen.cpp Line: 51)

Deleting previous save: QUICKSAVE_1669856152
 
(Filename: C:\buildslave\unity\build\artifacts/generated/common/runtime/DebugBindings.gen.cpp Line: 51)

Deleting previous save: QUICKSAVE_1669856168
 
(Filename: C:\buildslave\unity\build\artifacts/generated/common/runtime/DebugBindings.gen.cpp Line: 51)

MetricSuppressor (MissionGraph) is complete
 
(Filename: C:\buildslave\unity\build\artifacts/generated/common/runtime/DebugBindings.gen.cpp Line: 51)

